<?xml version="1.0" encoding="UTF-8"?>
<testsuite xmlns:xsi="http://www.w3.org/2001/XMLSchema-instance" xsi:noNamespaceSchemaLocation="https://maven.apache.org/surefire/maven-surefire-plugin/xsd/surefire-test-report-3.0.xsd" version="3.0" name="com.petstore.runners.TestRunner" time="24.565" tests="3" errors="0" skipped="0" failures="0">
  <properties>
[...]
</properties>
  <testcase name="Create, Retrieve, Update and Delete Pet" classname="Validate Swagger PetStore API" time="11.649">
    <system-out><![CDATA[
Scenario: Create, Retrieve, Update and Delete Pet     # src/test/resources/features/PetEndpoints.feature:3
19:21:26.426 [main] INFO  com.petstore.stepdefinitions.PetSteps - Creating pet with ID: 1762798884749
19:21:26.427 [main] INFO  com.petstore.stepdefinitions.PetSteps - Pet details: name=Buddy, status=available
  Given I create a new pet from test data index 0     # com.petstore.stepdefinitions.PetSteps.createPet(int)
19:21:27.677 [main] INFO  com.petstore.stepdefinitions.PetSteps - Retrieving pet by ID: 1762798884749
19:21:29.860 [main] INFO  com.petstore.stepdefinitions.PetSteps - Retrieving pet by ID: 1762798884749
19:21:32.037 [main] INFO  com.petstore.stepdefinitions.PetSteps - Retrieving pet by ID: 1762798884749
  When I retrieve the pet by ID                       # com.petstore.stepdefinitions.PetSteps.retrievePetById()
  Then the retrieved pet should match the created pet # com.petstore.stepdefinitions.PetSteps.validateRetrievedPetMatchesCreatedPet()
19:21:32.717 [main] INFO  com.petstore.stepdefinitions.PetSteps - Updating pet ID 1762798884749 to new status 'sold'
  When I update the pet status to "sold"              # com.petstore.stepdefinitions.PetSteps.updatePet(java.lang.String)
  Then the pet status should be "sold"                # com.petstore.stepdefinitions.PetSteps.validatePetStatus(java.lang.String)
19:21:34.007 [main] INFO  com.petstore.stepdefinitions.PetSteps - Retrieving pet by ID: 1762798884749
  When I retrieve the pet by ID                       # com.petstore.stepdefinitions.PetSteps.retrievePetById()
  Then the retrieved pet should match the updated pet # com.petstore.stepdefinitions.PetSteps.validateRetrievedPetMatchesUpdatedPet()
19:21:35.363 [main] INFO  com.petstore.stepdefinitions.PetSteps - Deleting pet ID: 1762798884749
  When I delete the pet                               # com.petstore.stepdefinitions.PetSteps.deletePet()
  Then retrieving the pet should return 404           # com.petstore.stepdefinitions.PetSteps.validatePetDeleted()
]]></system-out>
    <system-err><![CDATA[Nov 10, 2025 7:21:24 PM io.cucumber.core.options.CucumberPropertiesParser lambda$warnWhenCucumberOptionsIsUsed$2
WARNING: Passing commandline options via the property 'cucumber.options' is no longer supported. Please use individual properties instead. See the java doc on io.cucumber.core.options.Constants for details.
]]></system-err>
  </testcase>
  <testcase name="Find pets by status" classname="Validate Swagger PetStore API" time="0.943">
    <system-out><![CDATA[
Scenario: Find pets by status                           # src/test/resources/features/PetEndpoints.feature:15
  When I find pets by status "available"                # com.petstore.stepdefinitions.PetSteps.findPets(java.lang.String)
  Then all returned pets should have status "available" # com.petstore.stepdefinitions.PetSteps.verifyStatusList(java.lang.String)
]]></system-out>
  </testcase>
  <testcase name="Validate Pet response schema" classname="Validate Swagger PetStore API" time="11.445">
    <system-out><![CDATA[
Scenario: Validate Pet response schema            # src/test/resources/features/PetEndpoints.feature:20
19:21:37.671 [main] INFO  com.petstore.stepdefinitions.PetSteps - Creating pet with ID: 1762798897011
19:21:37.672 [main] INFO  com.petstore.stepdefinitions.PetSteps - Pet details: name=Buddy, status=available
  Given I create a new pet from test data index 0 # com.petstore.stepdefinitions.PetSteps.createPet(int)
19:21:38.865 [main] INFO  com.petstore.stepdefinitions.PetSteps - Retrieving pet by ID: 1762798897011
19:21:41.046 [main] INFO  com.petstore.stepdefinitions.PetSteps - Retrieving pet by ID: 1762798897011
19:21:43.228 [main] INFO  com.petstore.stepdefinitions.PetSteps - Retrieving pet by ID: 1762798897011
19:21:45.447 [main] INFO  com.petstore.stepdefinitions.PetSteps - Retrieving pet by ID: 1762798897011
19:21:47.634 [main] INFO  com.petstore.stepdefinitions.PetSteps - Retrieving pet by ID: 1762798897011
  When I retrieve the pet by ID                   # com.petstore.stepdefinitions.PetSteps.retrievePetById()
  Then the response matches the Pet schema        # com.petstore.stepdefinitions.PetSteps.validatePetSchema()
Deleted pet with ID: 1762798897011
]]></system-out>
  </testcase>
</testsuite>